<?xml version="1.0" encoding="UTF-8"?>
<testsuite xmlns:xsi="http://www.w3.org/2001/XMLSchema-instance" xsi:noNamespaceSchemaLocation="https://maven.apache.org/surefire/maven-failsafe-plugin/xsd/failsafe-test-report-3.0.xsd" version="3.0" name="api.post.PetsAPI" time="10.537" tests="3" errors="0" skipped="0" failures="0">
  <properties>
[...]
</properties>
  <testcase name="verifyPOSTApi" classname="api.post.PetsAPI" time="5.688">
    <system-out><![CDATA[My JSON Object String : Pet(id=9223372036854529124, category={name=tommyyravi, id=0}, name=doggie, photoUrls=[PhotoURLString], tags=[{name=String, id=0}], status=available)
{
    "id": 9223372036854529124,
    "category": {
        "id": 0,
        "name": "tommyyravi"
    },
    "name": "doggie",
    "photoUrls": [
        "PhotoURLString"
    ],
    "tags": [
        {
            "id": 0,
            "name": "String"
        }
    ],
    "status": "available"
}
]]></system-out>
    <system-err><![CDATA[SLF4J: Failed to load class "org.slf4j.impl.StaticLoggerBinder".
SLF4J: Defaulting to no-operation (NOP) logger implementation
SLF4J: See http://www.slf4j.org/codes.html#StaticLoggerBinder for further details.
]]></system-err>
  </testcase>
  <testcase name="verifyPUTApi" classname="api.post.PetsAPI" time="1.741">
    <system-out><![CDATA[My JSON Object String : Pet(id=9223372036854529124, category={name=tommyyjohn, id=0}, name=doggie, photoUrls=[PhotoURLModifiedString], tags=[{name=String, id=0}], status=available)
{
    "id": 9223372036854529124,
    "category": {
        "id": 0,
        "name": "tommyyjohn"
    },
    "name": "doggie",
    "photoUrls": [
        "PhotoURLModifiedString"
    ],
    "tags": [
        {
            "id": 0,
            "name": "String"
        }
    ],
    "status": "available"
}
]]></system-out>
  </testcase>
  <testcase name="verifyDELETEApi" classname="api.post.PetsAPI" time="1.321">
    <system-out><![CDATA[{
    "code": 200,
    "type": "unknown",
    "message": "9223372036854529124"
}
]]></system-out>
  </testcase>
</testsuite>