<?xml version="1.0" encoding="UTF-8" standalone="no"?><testsuite errors="0" failures="1" name="api.get.PetsAPI" skipped="0" tests="4" time="8.91" timestamp="2022-11-21 08:44:13"><testcase classname="api.get.PetsAPI" name="Verify api"/><testcase classname="api.get.PetsAPI" name="Verify number OF pets"/><testcase classname="api.get.PetsAPI" name="Failed test"><failure message="1 expectation failed.&#10;Expected status code &lt;200&gt; but was &lt;404&gt;.&#10;" type="java.lang.AssertionError">1 expectation failed.
Expected status code &lt;200&gt; but was &lt;404&gt;.
</failure><system-err>1 expectation failed.
Expected status code &lt;200&gt; but was &lt;404&gt;.

io.restassured.internal.ResponseSpecificationImpl.validateResponseIfRequired(ResponseSpecificationImpl.groovy:696)
io.restassured.internal.ResponseSpecificationImpl.this$2$validateResponseIfRequired(ResponseSpecificationImpl.groovy)
io.restassured.internal.ResponseSpecificationImpl.statusCode(ResponseSpecificationImpl.groovy:135)
io.restassured.internal.ResponseSpecificationImpl.statusCode(ResponseSpecificationImpl.groovy:143)
io.restassured.internal.ValidatableResponseOptionsImpl.statusCode(ValidatableResponseOptionsImpl.java:89)
api.get.PetsAPI.failedTest(PetsAPI.java:76)
</system-err></testcase><testcase classname="api.get.PetsAPI" name="Verify headers"/></testsuite>